<?xml version='1.0' encoding='UTF-8'?>
<testsuite name="JUnit Jupiter" tests="2" skipped="0" failures="0" errors="0" time="40.399" hostname="HUPCI-LAP-11" timestamp="2026-08-22T16:03:54">
<properties>
[...]
</properties>
<testcase name="test_S1_assessed_claim_without_evidence_violates_REA_C_0021365532761392382845()" classname="nltps.modeltests.headless.REA_C_002_evidence_required_for_assessed_verdict_Test" time="2.569">
<system-out><![CDATA[
unique-id: [engine:junit-jupiter]/[class:nltps.modeltests.headless.REA_C_002_evidence_required_for_assessed_verdict_Test]/[method:test_S1_assessed_claim_without_evidence_violates_REA_C_0021365532761392382845()]
display-name: test_S1_assessed_claim_without_evidence_violates_REA_C_0021365532761392382845()
]]></system-out>
</testcase>
<testcase name="test_testAssessedClaimWithoutEvidenceIsRejected()" classname="nltps.modeltests.headless.REA_C_002_evidence_required_for_assessed_verdict_Test" time="0.083">
<system-out><![CDATA[
unique-id: [engine:junit-jupiter]/[class:nltps.modeltests.headless.REA_C_002_evidence_required_for_assessed_verdict_Test]/[method:test_testAssessedClaimWithoutEvidenceIsRejected()]
display-name: test_testAssessedClaimWithoutEvidenceIsRejected()
]]></system-out>
</testcase>
<system-out><![CDATA[
unique-id: [engine:junit-jupiter]
display-name: JUnit Jupiter
]]></system-out>
</testsuite>
