<?xml version='1.0' encoding='UTF-8'?>
<testsuite name="JUnit Jupiter" tests="4" skipped="0" failures="0" errors="0" time="0.806" hostname="Erics-MBP" timestamp="2026-09-02T19:06:59">
<properties>
[...]
</properties>
<testcase name="test_S2_passed_verdict_without_evidence_violates_REA_C_0032102985467559242594()" classname="nltps.modeltests.headless.REA_C_003_passed_verdict_typesystem_units_Test" time="0.005">
<system-out><![CDATA[
unique-id: [engine:junit-jupiter]/[class:nltps.modeltests.headless.REA_C_003_passed_verdict_typesystem_units_Test]/[method:test_S2_passed_verdict_without_evidence_violates_REA_C_0032102985467559242594()]
display-name: test_S2_passed_verdict_without_evidence_violates_REA_C_0032102985467559242594()
]]></system-out>
</testcase>
<testcase name="test_S1_assessed_claim_without_evidence_violates_REA_C_0021365532761392382845()" classname="nltps.modeltests.headless.REA_C_002_evidence_required_for_assessed_verdict_Test" time="0.307">
<system-out><![CDATA[
unique-id: [engine:junit-jupiter]/[class:nltps.modeltests.headless.REA_C_002_evidence_required_for_assessed_verdict_Test]/[method:test_S1_assessed_claim_without_evidence_violates_REA_C_0021365532761392382845()]
display-name: test_S1_assessed_claim_without_evidence_violates_REA_C_0021365532761392382845()
]]></system-out>
</testcase>
<testcase name="test_testAssessedClaimWithoutEvidenceIsRejected()" classname="nltps.modeltests.headless.REA_C_002_evidence_required_for_assessed_verdict_Test" time="0.028">
<system-out><![CDATA[
unique-id: [engine:junit-jupiter]/[class:nltps.modeltests.headless.REA_C_002_evidence_required_for_assessed_verdict_Test]/[method:test_testAssessedClaimWithoutEvidenceIsRejected()]
display-name: test_testAssessedClaimWithoutEvidenceIsRejected()
]]></system-out>
</testcase>
<testcase name="test_testPassedVerdictRuleHarness()" classname="nltps.modeltests.headless.REA_C_003_passed_verdict_typesystem_units_Test" time="0.001">
<system-out><![CDATA[
unique-id: [engine:junit-jupiter]/[class:nltps.modeltests.headless.REA_C_003_passed_verdict_typesystem_units_Test]/[method:test_testPassedVerdictRuleHarness()]
display-name: test_testPassedVerdictRuleHarness()
]]></system-out>
</testcase>
<system-out><![CDATA[
unique-id: [engine:junit-jupiter]
display-name: JUnit Jupiter
]]></system-out>
</testsuite>
